{"/home/admin/Fullstack-open/part5/bloglist-frontend/src/App.js": {"path":"/home/admin/Fullstack-open/part5/bloglist-frontend/src/App.js","statementMap":{"0":{"start":{"line":10,"column":12},"end":{"line":123,"column":1}},"1":{"start":{"line":11,"column":28},"end":{"line":11,"column":40}},"2":{"start":{"line":12,"column":33},"end":{"line":12,"column":45}},"3":{"start":{"line":13,"column":33},"end":{"line":13,"column":45}},"4":{"start":{"line":14,"column":25},"end":{"line":14,"column":39}},"5":{"start":{"line":15,"column":29},"end":{"line":15,"column":43}},"6":{"start":{"line":16,"column":29},"end":{"line":16,"column":43}},"7":{"start":{"line":18,"column":22},"end":{"line":18,"column":30}},"8":{"start":{"line":19,"column":23},"end":{"line":35,"column":3}},"9":{"start":{"line":20,"column":4},"end":{"line":20,"column":22}},"10":{"start":{"line":21,"column":4},"end":{"line":34,"column":5}},"11":{"start":{"line":22,"column":19},"end":{"line":22,"column":65}},"12":{"start":{"line":23,"column":6},"end":{"line":23,"column":19}},"13":{"start":{"line":24,"column":6},"end":{"line":24,"column":72}},"14":{"start":{"line":25,"column":6},"end":{"line":25,"column":38}},"15":{"start":{"line":26,"column":6},"end":{"line":26,"column":21}},"16":{"start":{"line":27,"column":6},"end":{"line":27,"column":21}},"17":{"start":{"line":30,"column":6},"end":{"line":30,"column":73}},"18":{"start":{"line":31,"column":6},"end":{"line":33,"column":13}},"19":{"start":{"line":32,"column":8},"end":{"line":32,"column":23}},"20":{"start":{"line":37,"column":23},"end":{"line":40,"column":3}},"21":{"start":{"line":38,"column":4},"end":{"line":38,"column":52}},"22":{"start":{"line":39,"column":4},"end":{"line":39,"column":17}},"23":{"start":{"line":42,"column":19},"end":{"line":58,"column":3}},"24":{"start":{"line":43,"column":4},"end":{"line":57,"column":5}},"25":{"start":{"line":44,"column":6},"end":{"line":44,"column":44}},"26":{"start":{"line":45,"column":23},"end":{"line":45,"column":63}},"27":{"start":{"line":46,"column":6},"end":{"line":46,"column":38}},"28":{"start":{"line":47,"column":6},"end":{"line":47,"column":99}},"29":{"start":{"line":48,"column":6},"end":{"line":50,"column":13}},"30":{"start":{"line":49,"column":8},"end":{"line":49,"column":23}},"31":{"start":{"line":53,"column":6},"end":{"line":53,"column":73}},"32":{"start":{"line":54,"column":6},"end":{"line":56,"column":13}},"33":{"start":{"line":55,"column":8},"end":{"line":55,"column":23}},"34":{"start":{"line":60,"column":2},"end":{"line":64,"column":14}},"35":{"start":{"line":61,"column":4},"end":{"line":63,"column":5}},"36":{"start":{"line":62,"column":6},"end":{"line":62,"column":23}},"37":{"start":{"line":66,"column":2},"end":{"line":73,"column":7}},"38":{"start":{"line":67,"column":27},"end":{"line":67,"column":72}},"39":{"start":{"line":68,"column":4},"end":{"line":72,"column":5}},"40":{"start":{"line":69,"column":19},"end":{"line":69,"column":45}},"41":{"start":{"line":70,"column":6},"end":{"line":70,"column":19}},"42":{"start":{"line":71,"column":6},"end":{"line":71,"column":38}},"43":{"start":{"line":75,"column":21},"end":{"line":83,"column":3}},"44":{"start":{"line":76,"column":4},"end":{"line":82,"column":5}},"45":{"start":{"line":85,"column":20},"end":{"line":97,"column":3}},"46":{"start":{"line":86,"column":4},"end":{"line":96,"column":5}},"47":{"start":{"line":99,"column":17},"end":{"line":105,"column":3}},"48":{"start":{"line":100,"column":4},"end":{"line":104,"column":5}},"49":{"start":{"line":107,"column":2},"end":{"line":122,"column":3}},"50":{"start":{"line":116,"column":31},"end":{"line":116,"column":57}},"51":{"start":{"line":117,"column":12},"end":{"line":117,"column":67}}},"fnMap":{"0":{"name":"(anonymous_0)","decl":{"start":{"line":10,"column":12},"end":{"line":10,"column":13}},"loc":{"start":{"line":10,"column":18},"end":{"line":123,"column":1}},"line":10},"1":{"name":"(anonymous_1)","decl":{"start":{"line":19,"column":23},"end":{"line":19,"column":24}},"loc":{"start":{"line":19,"column":36},"end":{"line":35,"column":3}},"line":19},"2":{"name":"(anonymous_2)","decl":{"start":{"line":31,"column":17},"end":{"line":31,"column":18}},"loc":{"start":{"line":31,"column":23},"end":{"line":33,"column":7}},"line":31},"3":{"name":"(anonymous_3)","decl":{"start":{"line":37,"column":23},"end":{"line":37,"column":24}},"loc":{"start":{"line":37,"column":35},"end":{"line":40,"column":3}},"line":37},"4":{"name":"(anonymous_4)","decl":{"start":{"line":42,"column":19},"end":{"line":42,"column":20}},"loc":{"start":{"line":42,"column":41},"end":{"line":58,"column":3}},"line":42},"5":{"name":"(anonymous_5)","decl":{"start":{"line":48,"column":17},"end":{"line":48,"column":18}},"loc":{"start":{"line":48,"column":23},"end":{"line":50,"column":7}},"line":48},"6":{"name":"(anonymous_6)","decl":{"start":{"line":54,"column":17},"end":{"line":54,"column":18}},"loc":{"start":{"line":54,"column":23},"end":{"line":56,"column":7}},"line":54},"7":{"name":"(anonymous_7)","decl":{"start":{"line":60,"column":12},"end":{"line":60,"column":13}},"loc":{"start":{"line":60,"column":18},"end":{"line":64,"column":3}},"line":60},"8":{"name":"(anonymous_8)","decl":{"start":{"line":61,"column":30},"end":{"line":61,"column":31}},"loc":{"start":{"line":62,"column":6},"end":{"line":62,"column":23}},"line":62},"9":{"name":"(anonymous_9)","decl":{"start":{"line":66,"column":12},"end":{"line":66,"column":13}},"loc":{"start":{"line":66,"column":18},"end":{"line":73,"column":3}},"line":66},"10":{"name":"(anonymous_10)","decl":{"start":{"line":75,"column":21},"end":{"line":75,"column":22}},"loc":{"start":{"line":75,"column":27},"end":{"line":83,"column":3}},"line":75},"11":{"name":"(anonymous_11)","decl":{"start":{"line":85,"column":20},"end":{"line":85,"column":21}},"loc":{"start":{"line":85,"column":26},"end":{"line":97,"column":3}},"line":85},"12":{"name":"(anonymous_12)","decl":{"start":{"line":99,"column":17},"end":{"line":99,"column":18}},"loc":{"start":{"line":99,"column":23},"end":{"line":105,"column":3}},"line":99},"13":{"name":"(anonymous_13)","decl":{"start":{"line":116,"column":22},"end":{"line":116,"column":23}},"loc":{"start":{"line":116,"column":31},"end":{"line":116,"column":57}},"line":116},"14":{"name":"(anonymous_14)","decl":{"start":{"line":116,"column":72},"end":{"line":116,"column":73}},"loc":{"start":{"line":117,"column":12},"end":{"line":117,"column":67}},"line":117}},"branchMap":{"0":{"loc":{"start":{"line":68,"column":4},"end":{"line":72,"column":5}},"type":"if","locations":[{"start":{"line":68,"column":4},"end":{"line":72,"column":5}},{"start":{"line":68,"column":4},"end":{"line":72,"column":5}}],"line":68},"1":{"loc":{"start":{"line":109,"column":7},"end":{"line":109,"column":57}},"type":"binary-expr","locations":[{"start":{"line":109,"column":7},"end":{"line":109,"column":22}},{"start":{"line":109,"column":26},"end":{"line":109,"column":57}}],"line":109},"2":{"loc":{"start":{"line":110,"column":7},"end":{"line":110,"column":35}},"type":"binary-expr","locations":[{"start":{"line":110,"column":7},"end":{"line":110,"column":20}},{"start":{"line":110,"column":24},"end":{"line":110,"column":35}}],"line":110},"3":{"loc":{"start":{"line":111,"column":7},"end":{"line":119,"column":14}},"type":"binary-expr","locations":[{"start":{"line":111,"column":7},"end":{"line":111,"column":20}},{"start":{"line":112,"column":8},"end":{"line":119,"column":14}}],"line":111},"4":{"loc":{"start":{"line":116,"column":11},"end":{"line":118,"column":11}},"type":"binary-expr","locations":[{"start":{"line":116,"column":11},"end":{"line":116,"column":58}},{"start":{"line":116,"column":62},"end":{"line":118,"column":11}}],"line":116},"5":{"loc":{"start":{"line":116,"column":31},"end":{"line":116,"column":57}},"type":"cond-expr","locations":[{"start":{"line":116,"column":51},"end":{"line":116,"column":53}},{"start":{"line":116,"column":56},"end":{"line":116,"column":57}}],"line":116}},"s":{"0":0,"1":0,"2":0,"3":0,"4":0,"5":0,"6":0,"7":0,"8":0,"9":0,"10":0,"11":0,"12":0,"13":0,"14":0,"15":0,"16":0,"17":0,"18":0,"19":0,"20":0,"21":0,"22":0,"23":0,"24":0,"25":0,"26":0,"27":0,"28":0,"29":0,"30":0,"31":0,"32":0,"33":0,"34":0,"35":0,"36":0,"37":0,"38":0,"39":0,"40":0,"41":0,"42":0,"43":0,"44":0,"45":0,"46":0,"47":0,"48":0,"49":0,"50":0,"51":0},"f":{"0":0,"1":0,"2":0,"3":0,"4":0,"5":0,"6":0,"7":0,"8":0,"9":0,"10":0,"11":0,"12":0,"13":0,"14":0},"b":{"0":[0,0],"1":[0,0],"2":[0,0],"3":[0,0],"4":[0,0],"5":[0,0]},"hash":"50b3c88d03ea2e0e48f0cc86b67fdce0279ff884"}
,"/home/admin/Fullstack-open/part5/bloglist-frontend/src/index.js": {"path":"/home/admin/Fullstack-open/part5/bloglist-frontend/src/index.js","statementMap":{"0":{"start":{"line":6,"column":0},"end":{"line":6,"column":57}}},"fnMap":{},"branchMap":{},"s":{"0":0},"f":{},"b":{},"hash":"d9d7d5ce181603391d03e387e294f622b33e51c7"}
,"/home/admin/Fullstack-open/part5/bloglist-frontend/src/components/Blog.js": {"path":"/home/admin/Fullstack-open/part5/bloglist-frontend/src/components/Blog.js","statementMap":{"0":{"start":{"line":5,"column":13},"end":{"line":53,"column":1}},"1":{"start":{"line":7,"column":33},"end":{"line":7,"column":48}},"2":{"start":{"line":9,"column":20},"end":{"line":15,"column":3}},"3":{"start":{"line":17,"column":22},"end":{"line":23,"column":3}},"4":{"start":{"line":18,"column":4},"end":{"line":21,"column":6}},"5":{"start":{"line":22,"column":4},"end":{"line":22,"column":47}},"6":{"start":{"line":25,"column":25},"end":{"line":34,"column":3}},"7":{"start":{"line":26,"column":19},"end":{"line":26,"column":75}},"8":{"start":{"line":28,"column":4},"end":{"line":33,"column":5}},"9":{"start":{"line":29,"column":6},"end":{"line":31,"column":8}},"10":{"start":{"line":32,"column":6},"end":{"line":32,"column":46}},"11":{"start":{"line":36,"column":23},"end":{"line":45,"column":3}},"12":{"start":{"line":37,"column":4},"end":{"line":44,"column":5}},"13":{"start":{"line":40,"column":47},"end":{"line":40,"column":60}},"14":{"start":{"line":42,"column":31},"end":{"line":42,"column":47}},"15":{"start":{"line":47,"column":2},"end":{"line":52,"column":3}},"16":{"start":{"line":49,"column":70},"end":{"line":49,"column":92}},"17":{"start":{"line":57,"column":0},"end":{"line":65,"column":1}}},"fnMap":{"0":{"name":"(anonymous_0)","decl":{"start":{"line":5,"column":13},"end":{"line":5,"column":14}},"loc":{"start":{"line":5,"column":38},"end":{"line":53,"column":1}},"line":5},"1":{"name":"(anonymous_1)","decl":{"start":{"line":17,"column":22},"end":{"line":17,"column":23}},"loc":{"start":{"line":17,"column":34},"end":{"line":23,"column":3}},"line":17},"2":{"name":"(anonymous_2)","decl":{"start":{"line":25,"column":25},"end":{"line":25,"column":26}},"loc":{"start":{"line":25,"column":37},"end":{"line":34,"column":3}},"line":25},"3":{"name":"(anonymous_3)","decl":{"start":{"line":36,"column":23},"end":{"line":36,"column":24}},"loc":{"start":{"line":36,"column":29},"end":{"line":45,"column":3}},"line":36},"4":{"name":"(anonymous_4)","decl":{"start":{"line":40,"column":41},"end":{"line":40,"column":42}},"loc":{"start":{"line":40,"column":47},"end":{"line":40,"column":60}},"line":40},"5":{"name":"(anonymous_5)","decl":{"start":{"line":42,"column":25},"end":{"line":42,"column":26}},"loc":{"start":{"line":42,"column":31},"end":{"line":42,"column":47}},"line":42},"6":{"name":"(anonymous_6)","decl":{"start":{"line":49,"column":64},"end":{"line":49,"column":65}},"loc":{"start":{"line":49,"column":70},"end":{"line":49,"column":92}},"line":49}},"branchMap":{"0":{"loc":{"start":{"line":28,"column":4},"end":{"line":33,"column":5}},"type":"if","locations":[{"start":{"line":28,"column":4},"end":{"line":33,"column":5}},{"start":{"line":28,"column":4},"end":{"line":33,"column":5}}],"line":28},"1":{"loc":{"start":{"line":49,"column":95},"end":{"line":49,"column":120}},"type":"cond-expr","locations":[{"start":{"line":49,"column":106},"end":{"line":49,"column":112}},{"start":{"line":49,"column":114},"end":{"line":49,"column":120}}],"line":49},"2":{"loc":{"start":{"line":50,"column":7},"end":{"line":50,"column":33}},"type":"binary-expr","locations":[{"start":{"line":50,"column":7},"end":{"line":50,"column":15}},{"start":{"line":50,"column":19},"end":{"line":50,"column":33}}],"line":50}},"s":{"0":1,"1":1,"2":1,"3":1,"4":0,"5":0,"6":1,"7":0,"8":0,"9":0,"10":0,"11":1,"12":0,"13":0,"14":0,"15":1,"16":0,"17":1},"f":{"0":1,"1":0,"2":0,"3":0,"4":0,"5":0,"6":0},"b":{"0":[0,0],"1":[0,1],"2":[1,0]},"_coverageSchema":"43e27e138ebf9cfc5966b082cf9a028302ed4184","hash":"1cb4559c08294ba771914ea68471beeff10aef2d"}
,"/home/admin/Fullstack-open/part5/bloglist-frontend/src/components/BlogForm.js": {"path":"/home/admin/Fullstack-open/part5/bloglist-frontend/src/components/BlogForm.js","statementMap":{"0":{"start":{"line":3,"column":17},"end":{"line":67,"column":1}},"1":{"start":{"line":5,"column":27},"end":{"line":5,"column":39}},"2":{"start":{"line":6,"column":23},"end":{"line":6,"column":35}},"3":{"start":{"line":7,"column":29},"end":{"line":7,"column":41}},"4":{"start":{"line":8,"column":27},"end":{"line":8,"column":38}},"5":{"start":{"line":10,"column":27},"end":{"line":22,"column":3}},"6":{"start":{"line":11,"column":4},"end":{"line":11,"column":22}},"7":{"start":{"line":12,"column":4},"end":{"line":17,"column":6}},"8":{"start":{"line":18,"column":4},"end":{"line":18,"column":16}},"9":{"start":{"line":19,"column":4},"end":{"line":19,"column":16}},"10":{"start":{"line":20,"column":4},"end":{"line":20,"column":17}},"11":{"start":{"line":21,"column":4},"end":{"line":21,"column":14}},"12":{"start":{"line":24,"column":2},"end":{"line":66,"column":3}},"13":{"start":{"line":33,"column":38},"end":{"line":33,"column":60}},"14":{"start":{"line":42,"column":38},"end":{"line":42,"column":61}},"15":{"start":{"line":51,"column":38},"end":{"line":51,"column":58}},"16":{"start":{"line":60,"column":38},"end":{"line":60,"column":60}}},"fnMap":{"0":{"name":"(anonymous_0)","decl":{"start":{"line":3,"column":17},"end":{"line":3,"column":18}},"loc":{"start":{"line":3,"column":35},"end":{"line":67,"column":1}},"line":3},"1":{"name":"(anonymous_1)","decl":{"start":{"line":10,"column":27},"end":{"line":10,"column":28}},"loc":{"start":{"line":10,"column":34},"end":{"line":22,"column":3}},"line":10},"2":{"name":"(anonymous_2)","decl":{"start":{"line":33,"column":22},"end":{"line":33,"column":23}},"loc":{"start":{"line":33,"column":38},"end":{"line":33,"column":60}},"line":33},"3":{"name":"(anonymous_3)","decl":{"start":{"line":42,"column":22},"end":{"line":42,"column":23}},"loc":{"start":{"line":42,"column":38},"end":{"line":42,"column":61}},"line":42},"4":{"name":"(anonymous_4)","decl":{"start":{"line":51,"column":22},"end":{"line":51,"column":23}},"loc":{"start":{"line":51,"column":38},"end":{"line":51,"column":58}},"line":51},"5":{"name":"(anonymous_5)","decl":{"start":{"line":60,"column":22},"end":{"line":60,"column":23}},"loc":{"start":{"line":60,"column":38},"end":{"line":60,"column":60}},"line":60}},"branchMap":{},"s":{"0":0,"1":0,"2":0,"3":0,"4":0,"5":0,"6":0,"7":0,"8":0,"9":0,"10":0,"11":0,"12":0,"13":0,"14":0,"15":0,"16":0},"f":{"0":0,"1":0,"2":0,"3":0,"4":0,"5":0},"b":{},"hash":"8315e83c9a9bdcd366165ef8978324d5127752df"}
,"/home/admin/Fullstack-open/part5/bloglist-frontend/src/components/Login.js": {"path":"/home/admin/Fullstack-open/part5/bloglist-frontend/src/components/Login.js","statementMap":{"0":{"start":{"line":3,"column":14},"end":{"line":30,"column":1}},"1":{"start":{"line":4,"column":2},"end":{"line":29,"column":3}},"2":{"start":{"line":14,"column":38},"end":{"line":14,"column":63}},"3":{"start":{"line":23,"column":38},"end":{"line":23,"column":63}}},"fnMap":{"0":{"name":"(anonymous_0)","decl":{"start":{"line":3,"column":14},"end":{"line":3,"column":15}},"loc":{"start":{"line":3,"column":78},"end":{"line":30,"column":1}},"line":3},"1":{"name":"(anonymous_1)","decl":{"start":{"line":14,"column":22},"end":{"line":14,"column":23}},"loc":{"start":{"line":14,"column":38},"end":{"line":14,"column":63}},"line":14},"2":{"name":"(anonymous_2)","decl":{"start":{"line":23,"column":22},"end":{"line":23,"column":23}},"loc":{"start":{"line":23,"column":38},"end":{"line":23,"column":63}},"line":23}},"branchMap":{},"s":{"0":0,"1":0,"2":0,"3":0},"f":{"0":0,"1":0,"2":0},"b":{},"hash":"5518c711c74b76c5dbcf942bc4756fa3c5965e68"}
,"/home/admin/Fullstack-open/part5/bloglist-frontend/src/components/Notification.js": {"path":"/home/admin/Fullstack-open/part5/bloglist-frontend/src/components/Notification.js","statementMap":{"0":{"start":{"line":3,"column":21},"end":{"line":10,"column":1}},"1":{"start":{"line":4,"column":27},"end":{"line":4,"column":33}},"2":{"start":{"line":5,"column":2},"end":{"line":9,"column":3}}},"fnMap":{"0":{"name":"(anonymous_0)","decl":{"start":{"line":3,"column":21},"end":{"line":3,"column":22}},"loc":{"start":{"line":3,"column":37},"end":{"line":10,"column":1}},"line":3}},"branchMap":{},"s":{"0":0,"1":0,"2":0},"f":{"0":0},"b":{},"hash":"2f80c15db357292a79a13050df2a5ff69c7f4c59"}
,"/home/admin/Fullstack-open/part5/bloglist-frontend/src/components/Togglable.js": {"path":"/home/admin/Fullstack-open/part5/bloglist-frontend/src/components/Togglable.js","statementMap":{"0":{"start":{"line":3,"column":18},"end":{"line":29,"column":2}},"1":{"start":{"line":5,"column":51},"end":{"line":5,"column":66}},"2":{"start":{"line":7,"column":26},"end":{"line":7,"column":69}},"3":{"start":{"line":8,"column":26},"end":{"line":8,"column":69}},"4":{"start":{"line":10,"column":27},"end":{"line":12,"column":3}},"5":{"start":{"line":11,"column":4},"end":{"line":11,"column":44}},"6":{"start":{"line":13,"column":2},"end":{"line":17,"column":4}},"7":{"start":{"line":14,"column":4},"end":{"line":16,"column":5}},"8":{"start":{"line":18,"column":2},"end":{"line":28,"column":3}},"9":{"start":{"line":31,"column":0},"end":{"line":31,"column":35}}},"fnMap":{"0":{"name":"(anonymous_0)","decl":{"start":{"line":3,"column":35},"end":{"line":3,"column":36}},"loc":{"start":{"line":3,"column":50},"end":{"line":29,"column":1}},"line":3},"1":{"name":"(anonymous_1)","decl":{"start":{"line":10,"column":27},"end":{"line":10,"column":28}},"loc":{"start":{"line":10,"column":33},"end":{"line":12,"column":3}},"line":10},"2":{"name":"(anonymous_2)","decl":{"start":{"line":13,"column":26},"end":{"line":13,"column":27}},"loc":{"start":{"line":13,"column":32},"end":{"line":17,"column":3}},"line":13}},"branchMap":{"0":{"loc":{"start":{"line":7,"column":37},"end":{"line":7,"column":67}},"type":"cond-expr","locations":[{"start":{"line":7,"column":57},"end":{"line":7,"column":63}},{"start":{"line":7,"column":65},"end":{"line":7,"column":67}}],"line":7},"1":{"loc":{"start":{"line":8,"column":37},"end":{"line":8,"column":67}},"type":"cond-expr","locations":[{"start":{"line":8,"column":56},"end":{"line":8,"column":58}},{"start":{"line":8,"column":61},"end":{"line":8,"column":67}}],"line":8}},"s":{"0":0,"1":0,"2":0,"3":0,"4":0,"5":0,"6":0,"7":0,"8":0,"9":0},"f":{"0":0,"1":0,"2":0},"b":{"0":[0,0],"1":[0,0]},"hash":"4e353ad2799fa1fc4d3a5683dd8f1ec0808bc889"}
,"/home/admin/Fullstack-open/part5/bloglist-frontend/src/services/blogs.js": {"path":"/home/admin/Fullstack-open/part5/bloglist-frontend/src/services/blogs.js","statementMap":{"0":{"start":{"line":2,"column":16},"end":{"line":2,"column":28}},"1":{"start":{"line":4,"column":12},"end":{"line":4,"column":16}},"2":{"start":{"line":6,"column":17},"end":{"line":8,"column":1}},"3":{"start":{"line":7,"column":2},"end":{"line":7,"column":30}},"4":{"start":{"line":10,"column":15},"end":{"line":13,"column":1}},"5":{"start":{"line":11,"column":18},"end":{"line":11,"column":42}},"6":{"start":{"line":12,"column":2},"end":{"line":12,"column":21}},"7":{"start":{"line":15,"column":14},"end":{"line":19,"column":1}},"8":{"start":{"line":16,"column":18},"end":{"line":16,"column":60}},"9":{"start":{"line":17,"column":2},"end":{"line":17,"column":21}},"10":{"start":{"line":21,"column":19},"end":{"line":28,"column":1}},"11":{"start":{"line":22,"column":17},"end":{"line":24,"column":3}},"12":{"start":{"line":26,"column":19},"end":{"line":26,"column":56}},"13":{"start":{"line":27,"column":2},"end":{"line":27,"column":22}},"14":{"start":{"line":30,"column":19},"end":{"line":37,"column":1}},"15":{"start":{"line":31,"column":17},"end":{"line":33,"column":3}},"16":{"start":{"line":35,"column":19},"end":{"line":35,"column":90}},"17":{"start":{"line":36,"column":2},"end":{"line":36,"column":22}},"18":{"start":{"line":39,"column":19},"end":{"line":44,"column":1}},"19":{"start":{"line":40,"column":18},"end":{"line":42,"column":3}},"20":{"start":{"line":43,"column":2},"end":{"line":43,"column":52}}},"fnMap":{"0":{"name":"(anonymous_0)","decl":{"start":{"line":6,"column":17},"end":{"line":6,"column":18}},"loc":{"start":{"line":6,"column":29},"end":{"line":8,"column":1}},"line":6},"1":{"name":"(anonymous_1)","decl":{"start":{"line":10,"column":15},"end":{"line":10,"column":16}},"loc":{"start":{"line":10,"column":27},"end":{"line":13,"column":1}},"line":10},"2":{"name":"(anonymous_2)","decl":{"start":{"line":15,"column":14},"end":{"line":15,"column":15}},"loc":{"start":{"line":15,"column":35},"end":{"line":19,"column":1}},"line":15},"3":{"name":"(anonymous_3)","decl":{"start":{"line":21,"column":19},"end":{"line":21,"column":20}},"loc":{"start":{"line":21,"column":33},"end":{"line":28,"column":1}},"line":21},"4":{"name":"(anonymous_4)","decl":{"start":{"line":30,"column":19},"end":{"line":30,"column":20}},"loc":{"start":{"line":30,"column":33},"end":{"line":37,"column":1}},"line":30},"5":{"name":"(anonymous_5)","decl":{"start":{"line":39,"column":19},"end":{"line":39,"column":20}},"loc":{"start":{"line":39,"column":33},"end":{"line":44,"column":1}},"line":39}},"branchMap":{},"s":{"0":1,"1":1,"2":1,"3":0,"4":1,"5":0,"6":0,"7":1,"8":0,"9":0,"10":1,"11":0,"12":0,"13":0,"14":1,"15":0,"16":0,"17":0,"18":1,"19":0,"20":0},"f":{"0":0,"1":0,"2":0,"3":0,"4":0,"5":0},"b":{},"_coverageSchema":"43e27e138ebf9cfc5966b082cf9a028302ed4184","hash":"3f816688325e1911c84cc7d0d0a9fa68e695a532"}
}
